{"id": "001e0610893c", "ssh_timestamp": 1481083704.227993, "ssh_alive": true, "name": "003", "location": "Halsted St - Randolph St (NEC) 8/30/2016", "description": "AoT Chicago", "ssh_port": 10038}
{"data_version": "1", "data_latest": "2016-12-06", "ssh_timestamp": 1481083709.977452, "description": "AoT Chicago", "name": "014", "ssh_alive": true, "id": "001e06107e5d", "location": "State St - Washington St (SEC) 9/14/2016", "ssh_port": 10039}
{"id": "001e0620015e", "ssh_timestamp": 1481083645.82497, "ssh_alive": false, "name": "", "location": "5th Floor Near Yongho", "description": "Single C1+ Started 2016-09-05", "ssh_port": 10012}
{"id": "001e062001c4", "ssh_timestamp": 1481083734.40843, "ssh_alive": false, "name": "027", "location": "", "description": "", "ssh_port": 50006}
{"data_version": "1", "data_latest": "2016-03-04", "ssh_timestamp": 1481083624.801633, "description": "Wolfgangs test node sys1", "name": "", "ssh_alive": false, "id": "001e06200335", "location": "", "ssh_port": 10001}
{"id": "001e0620026c", "ssh_timestamp": 1481083647.51354, "ssh_alive": false, "name": "", "location": "", "description": "", "ssh_port": 10013}
{"data_version": "1", "data_latest": "2016-06-10", "ssh_timestamp": 1481083637.470511, "description": "Sean's Test Node", "name": "", "ssh_alive": false, "id": "001e06200364", "location": "", "ssh_port": 10010}
{"data_version": "2", "data_latest": "2016-11-09", "ssh_timestamp": 1481083746.35418, "description": "", "name": "016", "ssh_alive": false, "id": "001e061089d5", "location": "TCS-4302", "ssh_port": 50016}
{"id": "001e061088ae", "ssh_timestamp": 1481083740.404471, "ssh_alive": false, "name": "", "location": "", "description": "", "ssh_port": 50011}
{"id": "001e06107e4c", "ssh_timestamp": 1481083654.930487, "ssh_alive": false, "name": "W002", "location": "", "description": "None", "ssh_port": 10019}
{"id": "001e0620015c", "ssh_timestamp": 1481083691.881972, "ssh_alive": false, "name": "", "location": "", "description": "Peter's Test Node", "ssh_port": 10031}
{"data_version": "1", "data_latest": "2016-06-28", "ssh_timestamp": 1481083651.249857, "description": "", "name": "", "ssh_alive": false, "id": "001e06107ce5", "location": "", "ssh_port": 10016}
{"data_version": "2", "data_latest": "2016-10-20", "ssh_timestamp": 1481083648.759008, "description": "AoT Chicago", "name": "00F", "ssh_alive": false, "id": "001e06200159", "location": "ANL 5th Floor", "ssh_port": 10014}
{"data_version": "1", "data_latest": "2016-11-02", "ssh_timestamp": 1481083750.126143, "description": "", "name": "", "ssh_alive": false, "id": "001e061089f7", "location": "", "ssh_port": 50019}
{"data_version": "2", "data_latest": "2016-12-01", "ssh_timestamp": 1481083723.692234, "description": "David Lary GPS UglyBox #1", "name": "W008", "ssh_alive": false, "id": "001e061088c8", "location": "Dallas", "ssh_port": 10046}
{"id": "001e06107cd5", "ssh_timestamp": 1481083652.464355, "ssh_alive": false, "name": "", "location": "", "description": "", "ssh_port": 10017}
{"data_version": "2", "data_latest": "2016-11-12", "ssh_timestamp": 1481083745.159949, "description": "AoT Chicago", "name": "015", "ssh_alive": false, "id": "001e06108a68", "location": "ANL 5th Floor", "ssh_port": 50015}
{"id": "001e06107ff0", "ssh_timestamp": 1481083683.101257, "ssh_alive": false, "name": "012", "location": "Damen Ave - Cermak Rd (SEC) 8/25/2016", "description": "AoT Chicago", "ssh_port": 10028}
{"data_version": "1", "data_latest": "2016-06-24", "ssh_timestamp": 1481083634.645229, "description": "Lone C1+", "name": "", "ssh_alive": false, "id": "001e06200360", "location": "5th Floor Somewhere", "ssh_port": 10009}
{"data_version": "1", "data_latest": "2016-11-02", "ssh_timestamp": 1481083751.340374, "description": "", "name": "", "ssh_alive": false, "id": "001e061082e2", "location": "", "ssh_port": 50020}
{"id": "001e06107d97", "ssh_timestamp": 1481083693.403748, "ssh_alive": false, "name": "", "location": "ANL", "description": "Workshop Ugly Box", "ssh_port": 10032}
{"data_version": "2", "data_latest": "2016-11-10", "ssh_timestamp": 1481083753.770453, "description": "AoT Chicago", "name": "02A", "ssh_alive": false, "id": "001e06200311", "location": "TCS-4302", "ssh_port": 50022}
{"id": "001e06200189", "ssh_timestamp": 1481083695.036706, "ssh_alive": false, "name": "", "location": "ANL 5th Floor", "description": "Build Node", "ssh_port": 10034}
{"data_version": "2", "data_latest": "2016-11-30", "ssh_timestamp": 1481083726.103418, "description": "", "name": "W00B", "ssh_alive": false, "id": "001e06200325", "location": "ANL 5th Floor", "ssh_port": 10049}
{"data_version": "2", "data_latest": "2016-11-22", "ssh_timestamp": 1481083757.015726, "description": "", "name": "", "ssh_alive": true, "id": "001e061088bf", "location": "", "ssh_port": 50024}
{"data_version": "2", "data_latest": "2016-10-19", "ssh_timestamp": 1481083722.474222, "description": "", "name": "", "ssh_alive": false, "id": "001e061089d3", "location": "", "ssh_port": 10045}
{"data_version": "1", "data_latest": "2016-08-12", "ssh_timestamp": 1481083628.468388, "description": "Prairie Node", "name": "", "ssh_alive": false, "id": "001e06102bea", "location": "", "ssh_port": 10003}
{"data_version": "2", "data_latest": "2016-11-15", "ssh_timestamp": 1481083728.422767, "description": "AoT NIU", "name": "00E", "ssh_alive": false, "id": "001e06200314", "location": "DeKalb", "ssh_port": 50001}
{"data_version": "2", "data_latest": "2016-11-14", "ssh_timestamp": 1481083729.615372, "description": "", "name": "", "ssh_alive": false, "id": "001e06107d8c", "location": "", "ssh_port": 50002}
{"data_version": "2", "data_latest": "2016-11-16", "ssh_timestamp": 1481083739.185884, "description": "AoT Chicago", "name": "013", "ssh_alive": false, "id": "001e061089c8", "location": "TCS-4302", "ssh_port": 50010}
{"data_version": "2", "data_latest": "2016-10-24", "ssh_timestamp": 1481083743.998965, "description": "", "name": "", "ssh_alive": false, "id": "001e06108883", "location": "", "ssh_port": 50014}
{"data_version": "2", "data_latest": "2016-10-26", "ssh_timestamp": 1481083748.904573, "description": "", "name": "", "ssh_alive": false, "id": "001e061080a7", "location": "", "ssh_port": 50018}
{"id": "001e06107ce4", "ssh_timestamp": 1481083667.890173, "ssh_alive": false, "name": "W006", "location": "NIU", "description": "Alex", "ssh_port": 10025}
{"id": "001e06108875", "ssh_timestamp": 1481083664.633777, "ssh_alive": true, "name": "", "location": "Dallas", "description": "Dallas Original", "ssh_port": 10024}
{"id": "001e061089cd", "ssh_timestamp": 1481083696.684393, "ssh_alive": false, "name": "", "location": "", "description": "", "ssh_port": 10035}
{"data_version": "1", "data_latest": "2016-06-10", "ssh_timestamp": 1481083640.381103, "description": "", "name": "", "ssh_alive": false, "id": "001e0620014f", "location": "", "ssh_port": 10011}
{"id": "001e06200193", "ssh_timestamp": 1481083643.294492, "ssh_alive": false, "name": "", "location": "", "description": "", "ssh_port": 10008}
{"data_version": "2", "data_latest": "2016-10-21", "ssh_timestamp": 1481083735.606067, "description": "", "name": "", "ssh_alive": false, "id": "001e061089e1", "location": "", "ssh_port": 50007}
{"data_version": "1", "data_latest": "2016-05-17", "ssh_timestamp": 1481083633.385427, "description": "", "name": "", "ssh_alive": false, "id": "001e0620030d", "location": "", "ssh_port": 10007}
{"data_version": "2", "data_latest": "2016-11-21", "ssh_timestamp": 1481083718.278798, "description": "", "name": "IUH0", "ssh_alive": false, "id": "001e0610889b", "location": "", "ssh_port": 10036}
{"data_version": "2", "data_latest": "2016-12-06", "ssh_timestamp": 1481083759.751356, "description": "", "name": "", "ssh_alive": false, "id": "001e0610ba08", "location": "", "ssh_port": 50026}
{"data_version": "1", "data_latest": "2016-08-26", "ssh_timestamp": 1481083650.014411, "description": "", "name": "", "ssh_alive": false, "id": "001e06107d72", "location": "", "ssh_port": 10015}
{"data_version": "2", "data_latest": "2016-10-21", "ssh_timestamp": 1481083732.043719, "description": "", "name": "026", "ssh_alive": false, "id": "001e06107cab", "location": "", "ssh_port": 50004}
{"data_version": "1", "data_latest": "2016-10-10", "ssh_timestamp": 1481083721.261546, "description": "", "name": "", "ssh_alive": false, "id": "001e06107ffa", "location": "", "ssh_port": 10044}
{"id": "001e06108299", "ssh_timestamp": 1481083738.013348, "ssh_alive": false, "name": "", "location": "ANL 5th Floor", "description": "YongHo Test Brain", "ssh_port": 50009}
{"id": "001e06107d7f", "ssh_timestamp": 1481083666.263874, "ssh_alive": false, "name": "W007", "location": "", "description": "Dallas W007", "ssh_port": 10050}
{"id": "001e061089f9", "ssh_timestamp": 1481083711.661016, "ssh_alive": false, "name": "", "location": "ANL 5th Floor", "description": "Peter's Test Manager", "ssh_port": 10040}
{"id": "001e06108905", "ssh_timestamp": 1481083684.712525, "ssh_alive": false, "name": "Alex's Ugly Box", "location": "NIU", "description": "", "ssh_port": 10029}
{"data_version": "2", "data_latest": "2016-11-10", "ssh_timestamp": 1481083727.292762, "description": "AoT Chicago", "name": "029", "ssh_alive": false, "id": "001e06108a7b", "location": "TCS-4302", "ssh_port": 50000}
{"data_version": "1", "data_latest": "2016-09-30", "ssh_timestamp": 1481083716.635085, "description": "", "name": "", "ssh_alive": false, "id": "001e06108202", "location": "", "ssh_port": 10033}
{"data_version": "1", "data_latest": "2016-09-16", "ssh_timestamp": 1481083626.017387, "description": "Lab Test Node", "name": "", "ssh_alive": false, "id": "001e06200156", "location": "", "ssh_port": 10000}
{"id": "001e061089c0", "ssh_timestamp": 1481083690.439151, "ssh_alive": true, "name": "00B", "location": "Wood St - Warren Blvd (NEC) 8/30/2016", "description": "AoT Chicago", "ssh_port": 10030}
{"data_version": "1", "data_latest": "2016-03-26", "ssh_timestamp": 1481083629.691601, "description": "Alex", "name": "", "ssh_alive": false, "id": "001e0620025e", "location": "NIU", "ssh_port": 10004}
{"data_version": "2", "data_latest": "2016-11-16", "ssh_timestamp": 1481083742.81696, "description": "AoT Chicago", "name": "01A", "ssh_alive": false, "id": "001e06107f9e", "location": "TCS-4302", "ssh_port": 50013}
{"id": "001e06107d6b", "ssh_timestamp": 1481083658.459631, "ssh_alive": false, "name": "W005", "location": "Dallas", "description": "David Lary UglyBox #1", "ssh_port": 10021}
{"data_version": "2", "data_latest": "2016-11-16", "ssh_timestamp": 1481083747.663418, "description": "AoT Chicago", "name": "017", "ssh_alive": false, "id": "001e0610894a", "location": "TCS-4302", "ssh_port": 50017}
{"data_version": "1", "data_latest": "2016-05-11", "ssh_timestamp": 1481083632.180614, "description": "", "name": "", "ssh_alive": false, "id": "001e06102bf3", "location": "", "ssh_port": 10006}
{"id": "001e06108a8a", "ssh_timestamp": 1481083752.564502, "ssh_alive": false, "name": "", "location": "", "description": "", "ssh_port": 50021}
{"id": "001e061089fa", "ssh_timestamp": 1481083681.420981, "ssh_alive": true, "name": "011", "location": "Damen Ave- Archer Ave (SEC) 8/25/2016", "description": "AoT Chicago", "ssh_port": 10027}
{"id": "001e06321f65", "ssh_timestamp": 1481083659.828091, "ssh_alive": false, "name": "", "location": "", "description": "", "ssh_port": 10022}
{"id": "001e06107d6c", "ssh_timestamp": 1481083736.821894, "ssh_alive": false, "name": "", "location": "", "description": "", "ssh_port": 50008}
{"id": "001e0610ba74", "ssh_timestamp": 1481083758.425555, "ssh_alive": false, "name": "", "location": "", "description": "", "ssh_port": 50025}
{"id": "001e062002d0", "ssh_timestamp": 1481083627.295497, "ssh_alive": false, "name": "", "location": "", "description": "", "ssh_port": 10002}
{"id": "001e06200312", "ssh_timestamp": 1481083755.003367, "ssh_alive": false, "name": "", "location": "", "description": "", "ssh_port": 50023}
{"data_version": "2", "data_latest": "2016-11-09", "ssh_timestamp": 1481083630.942711, "description": "", "name": "", "ssh_alive": false, "id": "001e062001b9", "location": "", "ssh_port": 10005}
{"data_version": "2", "data_latest": "2016-10-21", "ssh_timestamp": 1481083719.924681, "description": "AoT Chicago", "name": "00D", "ssh_alive": false, "id": "001e0610890a", "location": "ANL 5th Floor", "ssh_port": 10043}
{"data_version": "1", "data_latest": "2016-09-19", "ssh_timestamp": 1481083714.988553, "description": "Roof Ugly Box", "name": "", "ssh_alive": false, "id": "001e06200367", "location": "", "ssh_port": 10042}
{"data_version": "1", "data_latest": "2016-10-14", "ssh_timestamp": 1481083713.356073, "description": "AoT Chicago", "name": "010", "ssh_alive": false, "id": "001e06107c9e", "location": "ANL 5th Floor", "ssh_port": 10041}
{"data_version": "2", "data_latest": "2022-01-11", "ssh_timestamp": 1481083741.607395, "description": "AoT Chicago", "name": "01F", "ssh_alive": false, "id": "001e0610893b", "location": "TCS-4302", "ssh_port": 50012}
{"id": "001e06102bdc", "ssh_timestamp": 1481083669.511833, "ssh_alive": false, "name": "", "location": "", "description": "None", "ssh_port": 10026}
{"id": "001e06108081", "ssh_timestamp": 1481083698.281176, "ssh_alive": false, "name": "00C", "location": "Kedzie Ave - 5th Ave (NEC) 9/14/2016", "description": "AoT Chicago", "ssh_port": 10037}
{"data_version": "2", "data_latest": "2016-11-16", "ssh_timestamp": 1481083730.841136, "description": "AoT Chicago", "name": "02C", "ssh_alive": false, "id": "001e061089f6", "location": "TCS-4302", "ssh_port": 50003}
{"id": "001e06107cc5", "ssh_timestamp": 1481083653.687396, "ssh_alive": false, "name": "W004", "location": "Dallas", "description": "None", "ssh_port": 10018}
{"id": "001e0610ba72", "ssh_timestamp": 1481083760.954041, "ssh_alive": false, "name": "", "location": "", "description": "", "ssh_port": 50027}
{"data_version": "2", "data_latest": "2016-11-15", "ssh_timestamp": 1481083733.222367, "description": "AoT Chicago", "name": "028", "ssh_alive": false, "id": "001e062002d1", "location": "ANL 5th Floor", "ssh_port": 50005}
{"id": "001e0610bbe9", "ssh_timestamp": 1481083762.148445, "ssh_alive": false, "name": "", "location": "", "description": "", "ssh_port": 50028}
{"id": "001e06107e2c", "ssh_timestamp": 1481083656.932968, "ssh_alive": false, "name": "", "location": "", "description": "", "ssh_port": 10020}
{"id": "001e06107cdc", "ssh_timestamp": 1481083661.332863, "ssh_alive": false, "name": "W000", "location": "ANL 3rd Floor", "description": "Ugly Box by Pete's Office", "ssh_port": 10023}
{"data_version": "2", "data_latest": "2016-11-30", "ssh_timestamp": 1481083724.898111, "description": "", "name": "W009", "ssh_alive": false, "id": "001e061089e5", "location": "", "ssh_port": 10047}
