{"data_version": "1", "name": "", "location": "", "data_latest": "2016-03-04", "description": "Wolfgangs test node sys1", "id": "001e06200335"}
{"data_version": "1", "name": "", "location": "", "data_latest": "2016-09-16", "description": "Lab Test Node", "id": "001e06200156"}
{"data_version": "1", "name": "", "location": "", "data_latest": "2016-08-12", "description": "Prairie Node", "id": "001e06102bea"}
{"data_version": "1", "name": "", "location": "NIU", "data_latest": "2016-03-26", "description": "Alex", "id": "001e0620025e"}
{"data_version": "2", "name": "", "location": "", "data_latest": "2016-11-09", "description": "", "id": "001e062001b9"}
{"data_version": "1", "name": "", "location": "", "data_latest": "2016-05-11", "description": "", "id": "001e06102bf3"}
{"data_version": "1", "name": "", "location": "", "data_latest": "2016-05-17", "description": "", "id": "001e0620030d"}
{"data_version": "1", "name": "", "location": "5th Floor Somewhere", "data_latest": "2016-06-24", "description": "Lone C1+", "id": "001e06200360"}
{"data_version": "1", "name": "", "location": "", "data_latest": "2016-06-10", "description": "Sean's Test Node", "id": "001e06200364"}
{"data_version": "1", "name": "", "location": "", "data_latest": "2016-06-10", "description": "", "id": "001e0620014f"}
{"data_version": "2", "name": "00F", "location": "ANL 5th Floor", "data_latest": "2016-10-20", "description": "AoT Chicago", "id": "001e06200159"}
{"data_version": "1", "name": "", "location": "", "data_latest": "2016-08-26", "description": "", "id": "001e06107d72"}
{"data_version": "1", "name": "", "location": "", "data_latest": "2016-06-28", "description": "", "id": "001e06107ce5"}
{"data_version": "1", "name": "014", "location": "State St - Washington St (SEC) 9/14/2016", "data_latest": "2016-12-06", "description": "AoT Chicago", "id": "001e06107e5d"}
{"data_version": "1", "name": "010", "location": "ANL 5th Floor", "data_latest": "2016-10-14", "description": "AoT Chicago", "id": "001e06107c9e"}
{"data_version": "1", "name": "", "location": "", "data_latest": "2016-09-19", "description": "Roof Ugly Box", "id": "001e06200367"}
{"data_version": "1", "name": "", "location": "", "data_latest": "2016-09-30", "description": "", "id": "001e06108202"}
{"data_version": "2", "name": "IUH0", "location": "", "data_latest": "2016-11-21", "description": "", "id": "001e0610889b"}
{"data_version": "2", "name": "00D", "location": "ANL 5th Floor", "data_latest": "2016-10-21", "description": "AoT Chicago", "id": "001e0610890a"}
{"data_version": "1", "name": "", "location": "", "data_latest": "2016-10-10", "description": "", "id": "001e06107ffa"}
{"data_version": "2", "name": "", "location": "", "data_latest": "2016-10-19", "description": "", "id": "001e061089d3"}
{"data_version": "2", "name": "W008", "location": "Dallas", "data_latest": "2016-12-01", "description": "David Lary GPS UglyBox #1", "id": "001e061088c8"}
{"data_version": "2", "name": "W009", "location": "", "data_latest": "2016-11-30", "description": "", "id": "001e061089e5"}
{"data_version": "2", "name": "W00B", "location": "ANL 5th Floor", "data_latest": "2016-11-30", "description": "", "id": "001e06200325"}
{"data_version": "2", "name": "029", "location": "TCS-4302", "data_latest": "2016-11-10", "description": "AoT Chicago", "id": "001e06108a7b"}
{"data_version": "2", "name": "00E", "location": "DeKalb", "data_latest": "2016-11-15", "description": "AoT NIU", "id": "001e06200314"}
{"data_version": "2", "name": "", "location": "", "data_latest": "2016-11-14", "description": "", "id": "001e06107d8c"}
{"data_version": "2", "name": "02C", "location": "TCS-4302", "data_latest": "2016-11-16", "description": "AoT Chicago", "id": "001e061089f6"}
{"data_version": "2", "name": "026", "location": "", "data_latest": "2016-10-21", "description": "", "id": "001e06107cab"}
{"data_version": "2", "name": "028", "location": "ANL 5th Floor", "data_latest": "2016-11-15", "description": "AoT Chicago", "id": "001e062002d1"}
{"data_version": "2", "name": "", "location": "", "data_latest": "2016-10-21", "description": "", "id": "001e061089e1"}
{"data_version": "2", "name": "013", "location": "TCS-4302", "data_latest": "2016-11-16", "description": "AoT Chicago", "id": "001e061089c8"}
{"data_version": "2", "name": "01F", "location": "TCS-4302", "data_latest": "2022-01-11", "description": "AoT Chicago", "id": "001e0610893b"}
{"data_version": "2", "name": "01A", "location": "TCS-4302", "data_latest": "2016-11-16", "description": "AoT Chicago", "id": "001e06107f9e"}
{"data_version": "2", "name": "", "location": "", "data_latest": "2016-10-24", "description": "", "id": "001e06108883"}
{"data_version": "2", "name": "015", "location": "ANL 5th Floor", "data_latest": "2016-11-12", "description": "AoT Chicago", "id": "001e06108a68"}
{"data_version": "2", "name": "016", "location": "TCS-4302", "data_latest": "2016-11-09", "description": "", "id": "001e061089d5"}
{"data_version": "2", "name": "017", "location": "TCS-4302", "data_latest": "2016-11-16", "description": "AoT Chicago", "id": "001e0610894a"}
{"data_version": "2", "name": "", "location": "", "data_latest": "2016-10-26", "description": "", "id": "001e061080a7"}
{"data_version": "1", "name": "", "location": "", "data_latest": "2016-11-02", "description": "", "id": "001e061089f7"}
{"data_version": "1", "name": "", "location": "", "data_latest": "2016-11-02", "description": "", "id": "001e061082e2"}
{"data_version": "2", "name": "02A", "location": "TCS-4302", "data_latest": "2016-11-10", "description": "AoT Chicago", "id": "001e06200311"}
{"data_version": "2", "name": "", "location": "", "data_latest": "2016-11-22", "description": "", "id": "001e061088bf"}
{"data_version": "2", "name": "", "location": "", "data_latest": "2016-12-06", "description": "", "id": "001e0610ba08"}
