{"name": "", "description": "Wolfgangs test node sys1", "location": "", "id": "001e06200335"}
{"name": "", "description": "Lab Test Node", "location": "", "id": "001e06200156"}
{"name": "", "description": "", "location": "", "id": "001e062002d0"}
{"name": "", "description": "Prairie Node", "location": "", "id": "001e06102bea"}
{"name": "", "description": "Alex", "location": "NIU", "id": "001e0620025e"}
{"name": "", "description": "", "location": "", "id": "001e062001b9"}
{"name": "", "description": "", "location": "", "id": "001e06102bf3"}
{"name": "", "description": "", "location": "", "id": "001e0620030d"}
{"name": "", "description": "Lone C1+", "location": "5th Floor Somewhere", "id": "001e06200360"}
{"name": "", "description": "Sean's Test Node", "location": "", "id": "001e06200364"}
{"name": "", "description": "", "location": "", "id": "001e0620014f"}
{"name": "", "description": "", "location": "", "id": "001e06200193"}
{"name": "", "description": "Single C1+ Started 2016-09-05", "location": "5th Floor Near Yongho", "id": "001e0620015e"}
{"name": "", "description": "", "location": "", "id": "001e0620026c"}
{"name": "00F", "description": "AoT Chicago", "location": "ANL 5th Floor", "id": "001e06200159"}
{"name": "", "description": "", "location": "", "id": "001e06107d72"}
{"name": "", "description": "", "location": "", "id": "001e06107ce5"}
{"name": "", "description": "", "location": "", "id": "001e06107cd5"}
{"name": "W004", "description": "None", "location": "Dallas", "id": "001e06107cc5"}
{"name": "W002", "description": "None", "location": "", "id": "001e06107e4c"}
{"name": "", "description": "", "location": "", "id": "001e06107e2c"}
{"name": "W005", "description": "David Lary UglyBox #1", "location": "Dallas", "id": "001e06107d6b"}
{"name": "", "description": "", "location": "", "id": "001e06321f65"}
{"name": "W000", "description": "Ugly Box by Pete's Office", "location": "ANL 3rd Floor", "id": "001e06107cdc"}
{"name": "", "description": "Dallas Original", "location": "Dallas", "id": "001e06108875"}
{"name": "W007", "description": "Dallas W007", "location": "", "id": "001e06107d7f"}
{"name": "W006", "description": "Alex", "location": "NIU", "id": "001e06107ce4"}
{"name": "", "description": "None", "location": "", "id": "001e06102bdc"}
{"name": "011", "description": "AoT Chicago", "location": "Damen Ave- Archer Ave (SEC) 8/25/2016", "id": "001e061089fa"}
{"name": "012", "description": "AoT Chicago", "location": "Damen Ave - Cermak Rd (SEC) 8/25/2016", "id": "001e06107ff0"}
{"name": "Alex's Ugly Box", "description": "", "location": "NIU", "id": "001e06108905"}
{"name": "00B", "description": "AoT Chicago", "location": "Wood St - Warren Blvd (NEC) 8/30/2016", "id": "001e061089c0"}
{"name": "", "description": "Peter's Test Node", "location": "", "id": "001e0620015c"}
{"name": "", "description": "Workshop Ugly Box", "location": "ANL", "id": "001e06107d97"}
{"name": "", "description": "Build Node", "location": "ANL 5th Floor", "id": "001e06200189"}
{"name": "", "description": "", "location": "", "id": "001e061089cd"}
{"name": "00C", "description": "AoT Chicago", "location": "Kedzie Ave - 5th Ave (NEC) 9/14/2016", "id": "001e06108081"}
{"name": "003", "description": "AoT Chicago", "location": "Halsted St - Randolph St (NEC) 8/30/2016", "id": "001e0610893c"}
{"name": "014", "description": "AoT Chicago", "location": "State St - Washington St (SEC) 9/14/2016", "id": "001e06107e5d"}
{"name": "", "description": "Peter's Test Manager", "location": "ANL 5th Floor", "id": "001e061089f9"}
{"name": "010", "description": "AoT Chicago", "location": "ANL 5th Floor", "id": "001e06107c9e"}
{"name": "", "description": "Roof Ugly Box", "location": "", "id": "001e06200367"}
{"name": "", "description": "", "location": "", "id": "001e06108202"}
{"name": "IUH0", "description": "", "location": "", "id": "001e0610889b"}
{"name": "00D", "description": "AoT Chicago", "location": "ANL 5th Floor", "id": "001e0610890a"}
{"name": "", "description": "", "location": "", "id": "001e06107ffa"}
{"name": "", "description": "", "location": "", "id": "001e061089d3"}
{"name": "W008", "description": "David Lary GPS UglyBox #1", "location": "Dallas", "id": "001e061088c8"}
{"name": "W009", "description": "", "location": "", "id": "001e061089e5"}
{"name": "W00B", "description": "", "location": "ANL 5th Floor", "id": "001e06200325"}
{"name": "029", "description": "AoT Chicago", "location": "TCS-4302", "id": "001e06108a7b"}
{"name": "00E", "description": "AoT NIU", "location": "DeKalb", "id": "001e06200314"}
{"name": "", "description": "", "location": "", "id": "001e06107d8c"}
{"name": "02C", "description": "AoT Chicago", "location": "TCS-4302", "id": "001e061089f6"}
{"name": "026", "description": "", "location": "", "id": "001e06107cab"}
{"name": "028", "description": "AoT Chicago", "location": "ANL 5th Floor", "id": "001e062002d1"}
{"name": "027", "description": "", "location": "", "id": "001e062001c4"}
{"name": "", "description": "", "location": "", "id": "001e061089e1"}
{"name": "", "description": "", "location": "", "id": "001e06107d6c"}
{"name": "", "description": "YongHo Test Brain", "location": "ANL 5th Floor", "id": "001e06108299"}
{"name": "013", "description": "AoT Chicago", "location": "TCS-4302", "id": "001e061089c8"}
{"name": "", "description": "", "location": "", "id": "001e061088ae"}
{"name": "01F", "description": "AoT Chicago", "location": "TCS-4302", "id": "001e0610893b"}
{"name": "01A", "description": "AoT Chicago", "location": "TCS-4302", "id": "001e06107f9e"}
{"name": "", "description": "", "location": "", "id": "001e06108883"}
{"name": "015", "description": "AoT Chicago", "location": "ANL 5th Floor", "id": "001e06108a68"}
{"name": "016", "description": "", "location": "TCS-4302", "id": "001e061089d5"}
{"name": "017", "description": "AoT Chicago", "location": "TCS-4302", "id": "001e0610894a"}
{"name": "", "description": "", "location": "", "id": "001e061080a7"}
{"name": "", "description": "", "location": "", "id": "001e061089f7"}
{"name": "", "description": "", "location": "", "id": "001e061082e2"}
{"name": "", "description": "", "location": "", "id": "001e06108a8a"}
{"name": "02A", "description": "AoT Chicago", "location": "TCS-4302", "id": "001e06200311"}
{"name": "", "description": "", "location": "", "id": "001e06200312"}
{"name": "", "description": "", "location": "", "id": "001e061088bf"}
{"name": "", "description": "", "location": "", "id": "001e0610ba74"}
{"name": "", "description": "", "location": "", "id": "001e0610ba08"}
{"name": "", "description": "", "location": "", "id": "001e0610ba72"}
{"name": "", "description": "", "location": "", "id": "001e0610bbe9"}
