{"name": "", "location": "", "ssh_port": 10001, "ssh_timestamp": 1481083624.801633, "description": "Wolfgangs test node sys1", "id": "001e06200335", "ssh_alive": false}
{"name": "", "location": "", "ssh_port": 10000, "ssh_timestamp": 1481083626.017387, "description": "Lab Test Node", "id": "001e06200156", "ssh_alive": false}
{"name": "", "location": "", "ssh_port": 10002, "ssh_timestamp": 1481083627.295497, "description": "", "id": "001e062002d0", "ssh_alive": false}
{"name": "", "location": "", "ssh_port": 10003, "ssh_timestamp": 1481083628.468388, "description": "Prairie Node", "id": "001e06102bea", "ssh_alive": false}
{"name": "", "location": "NIU", "ssh_port": 10004, "ssh_timestamp": 1481083629.691601, "description": "Alex", "id": "001e0620025e", "ssh_alive": false}
{"name": "", "location": "", "ssh_port": 10005, "ssh_timestamp": 1481083630.942711, "description": "", "id": "001e062001b9", "ssh_alive": false}
{"name": "", "location": "", "ssh_port": 10006, "ssh_timestamp": 1481083632.180614, "description": "", "id": "001e06102bf3", "ssh_alive": false}
{"name": "", "location": "", "ssh_port": 10007, "ssh_timestamp": 1481083633.385427, "description": "", "id": "001e0620030d", "ssh_alive": false}
{"name": "", "location": "5th Floor Somewhere", "ssh_port": 10009, "ssh_timestamp": 1481083634.645229, "description": "Lone C1+", "id": "001e06200360", "ssh_alive": false}
{"name": "", "location": "", "ssh_port": 10010, "ssh_timestamp": 1481083637.470511, "description": "Sean's Test Node", "id": "001e06200364", "ssh_alive": false}
{"name": "", "location": "", "ssh_port": 10011, "ssh_timestamp": 1481083640.381103, "description": "", "id": "001e0620014f", "ssh_alive": false}
{"name": "", "location": "", "ssh_port": 10008, "ssh_timestamp": 1481083643.294492, "description": "", "id": "001e06200193", "ssh_alive": false}
{"name": "", "location": "5th Floor Near Yongho", "ssh_port": 10012, "ssh_timestamp": 1481083645.82497, "description": "Single C1+ Started 2016-09-05", "id": "001e0620015e", "ssh_alive": false}
{"name": "", "location": "", "ssh_port": 10013, "ssh_timestamp": 1481083647.51354, "description": "", "id": "001e0620026c", "ssh_alive": false}
{"name": "00F", "location": "ANL 5th Floor", "ssh_port": 10014, "ssh_timestamp": 1481083648.759008, "description": "AoT Chicago", "id": "001e06200159", "ssh_alive": false}
{"name": "", "location": "", "ssh_port": 10015, "ssh_timestamp": 1481083650.014411, "description": "", "id": "001e06107d72", "ssh_alive": false}
{"name": "", "location": "", "ssh_port": 10016, "ssh_timestamp": 1481083651.249857, "description": "", "id": "001e06107ce5", "ssh_alive": false}
{"name": "", "location": "", "ssh_port": 10017, "ssh_timestamp": 1481083652.464355, "description": "", "id": "001e06107cd5", "ssh_alive": false}
{"name": "W004", "location": "Dallas", "ssh_port": 10018, "ssh_timestamp": 1481083653.687396, "description": "None", "id": "001e06107cc5", "ssh_alive": false}
{"name": "W002", "location": "", "ssh_port": 10019, "ssh_timestamp": 1481083654.930487, "description": "None", "id": "001e06107e4c", "ssh_alive": false}
{"name": "", "location": "", "ssh_port": 10020, "ssh_timestamp": 1481083656.932968, "description": "", "id": "001e06107e2c", "ssh_alive": false}
{"name": "W005", "location": "Dallas", "ssh_port": 10021, "ssh_timestamp": 1481083658.459631, "description": "David Lary UglyBox #1", "id": "001e06107d6b", "ssh_alive": false}
{"name": "", "location": "", "ssh_port": 10022, "ssh_timestamp": 1481083659.828091, "description": "", "id": "001e06321f65", "ssh_alive": false}
{"name": "W000", "location": "ANL 3rd Floor", "ssh_port": 10023, "ssh_timestamp": 1481083661.332863, "description": "Ugly Box by Pete's Office", "id": "001e06107cdc", "ssh_alive": false}
{"name": "", "location": "Dallas", "ssh_port": 10024, "ssh_timestamp": 1481083664.633777, "description": "Dallas Original", "id": "001e06108875", "ssh_alive": true}
{"name": "W007", "location": "", "ssh_port": 10050, "ssh_timestamp": 1481083666.263874, "description": "Dallas W007", "id": "001e06107d7f", "ssh_alive": false}
{"name": "W006", "location": "NIU", "ssh_port": 10025, "ssh_timestamp": 1481083667.890173, "description": "Alex", "id": "001e06107ce4", "ssh_alive": false}
{"name": "", "location": "", "ssh_port": 10026, "ssh_timestamp": 1481083669.511833, "description": "None", "id": "001e06102bdc", "ssh_alive": false}
{"name": "011", "location": "Damen Ave- Archer Ave (SEC) 8/25/2016", "ssh_port": 10027, "ssh_timestamp": 1481083681.420981, "description": "AoT Chicago", "id": "001e061089fa", "ssh_alive": true}
{"name": "012", "location": "Damen Ave - Cermak Rd (SEC) 8/25/2016", "ssh_port": 10028, "ssh_timestamp": 1481083683.101257, "description": "AoT Chicago", "id": "001e06107ff0", "ssh_alive": false}
{"name": "Alex's Ugly Box", "location": "NIU", "ssh_port": 10029, "ssh_timestamp": 1481083684.712525, "description": "", "id": "001e06108905", "ssh_alive": false}
{"name": "00B", "location": "Wood St - Warren Blvd (NEC) 8/30/2016", "ssh_port": 10030, "ssh_timestamp": 1481083690.439151, "description": "AoT Chicago", "id": "001e061089c0", "ssh_alive": true}
{"name": "", "location": "", "ssh_port": 10031, "ssh_timestamp": 1481083691.881972, "description": "Peter's Test Node", "id": "001e0620015c", "ssh_alive": false}
{"name": "", "location": "ANL", "ssh_port": 10032, "ssh_timestamp": 1481083693.403748, "description": "Workshop Ugly Box", "id": "001e06107d97", "ssh_alive": false}
{"name": "", "location": "ANL 5th Floor", "ssh_port": 10034, "ssh_timestamp": 1481083695.036706, "description": "Build Node", "id": "001e06200189", "ssh_alive": false}
{"name": "", "location": "", "ssh_port": 10035, "ssh_timestamp": 1481083696.684393, "description": "", "id": "001e061089cd", "ssh_alive": false}
{"name": "00C", "location": "Kedzie Ave - 5th Ave (NEC) 9/14/2016", "ssh_port": 10037, "ssh_timestamp": 1481083698.281176, "description": "AoT Chicago", "id": "001e06108081", "ssh_alive": false}
{"name": "003", "location": "Halsted St - Randolph St (NEC) 8/30/2016", "ssh_port": 10038, "ssh_timestamp": 1481083704.227993, "description": "AoT Chicago", "id": "001e0610893c", "ssh_alive": true}
{"name": "014", "location": "State St - Washington St (SEC) 9/14/2016", "ssh_port": 10039, "ssh_timestamp": 1481083709.977452, "description": "AoT Chicago", "id": "001e06107e5d", "ssh_alive": true}
{"name": "", "location": "ANL 5th Floor", "ssh_port": 10040, "ssh_timestamp": 1481083711.661016, "description": "Peter's Test Manager", "id": "001e061089f9", "ssh_alive": false}
{"name": "010", "location": "ANL 5th Floor", "ssh_port": 10041, "ssh_timestamp": 1481083713.356073, "description": "AoT Chicago", "id": "001e06107c9e", "ssh_alive": false}
{"name": "", "location": "", "ssh_port": 10042, "ssh_timestamp": 1481083714.988553, "description": "Roof Ugly Box", "id": "001e06200367", "ssh_alive": false}
{"name": "", "location": "", "ssh_port": 10033, "ssh_timestamp": 1481083716.635085, "description": "", "id": "001e06108202", "ssh_alive": false}
{"name": "IUH0", "location": "", "ssh_port": 10036, "ssh_timestamp": 1481083718.278798, "description": "", "id": "001e0610889b", "ssh_alive": false}
{"name": "00D", "location": "ANL 5th Floor", "ssh_port": 10043, "ssh_timestamp": 1481083719.924681, "description": "AoT Chicago", "id": "001e0610890a", "ssh_alive": false}
{"name": "", "location": "", "ssh_port": 10044, "ssh_timestamp": 1481083721.261546, "description": "", "id": "001e06107ffa", "ssh_alive": false}
{"name": "", "location": "", "ssh_port": 10045, "ssh_timestamp": 1481083722.474222, "description": "", "id": "001e061089d3", "ssh_alive": false}
{"name": "W008", "location": "Dallas", "ssh_port": 10046, "ssh_timestamp": 1481083723.692234, "description": "David Lary GPS UglyBox #1", "id": "001e061088c8", "ssh_alive": false}
{"name": "W009", "location": "", "ssh_port": 10047, "ssh_timestamp": 1481083724.898111, "description": "", "id": "001e061089e5", "ssh_alive": false}
{"name": "W00B", "location": "ANL 5th Floor", "ssh_port": 10049, "ssh_timestamp": 1481083726.103418, "description": "", "id": "001e06200325", "ssh_alive": false}
{"name": "029", "location": "TCS-4302", "ssh_port": 50000, "ssh_timestamp": 1481083727.292762, "description": "AoT Chicago", "id": "001e06108a7b", "ssh_alive": false}
{"name": "00E", "location": "DeKalb", "ssh_port": 50001, "ssh_timestamp": 1481083728.422767, "description": "AoT NIU", "id": "001e06200314", "ssh_alive": false}
{"name": "", "location": "", "ssh_port": 50002, "ssh_timestamp": 1481083729.615372, "description": "", "id": "001e06107d8c", "ssh_alive": false}
{"name": "02C", "location": "TCS-4302", "ssh_port": 50003, "ssh_timestamp": 1481083730.841136, "description": "AoT Chicago", "id": "001e061089f6", "ssh_alive": false}
{"name": "026", "location": "", "ssh_port": 50004, "ssh_timestamp": 1481083732.043719, "description": "", "id": "001e06107cab", "ssh_alive": false}
{"name": "028", "location": "ANL 5th Floor", "ssh_port": 50005, "ssh_timestamp": 1481083733.222367, "description": "AoT Chicago", "id": "001e062002d1", "ssh_alive": false}
{"name": "027", "location": "", "ssh_port": 50006, "ssh_timestamp": 1481083734.40843, "description": "", "id": "001e062001c4", "ssh_alive": false}
{"name": "", "location": "", "ssh_port": 50007, "ssh_timestamp": 1481083735.606067, "description": "", "id": "001e061089e1", "ssh_alive": false}
{"name": "", "location": "", "ssh_port": 50008, "ssh_timestamp": 1481083736.821894, "description": "", "id": "001e06107d6c", "ssh_alive": false}
{"name": "", "location": "ANL 5th Floor", "ssh_port": 50009, "ssh_timestamp": 1481083738.013348, "description": "YongHo Test Brain", "id": "001e06108299", "ssh_alive": false}
{"name": "013", "location": "TCS-4302", "ssh_port": 50010, "ssh_timestamp": 1481083739.185884, "description": "AoT Chicago", "id": "001e061089c8", "ssh_alive": false}
{"name": "", "location": "", "ssh_port": 50011, "ssh_timestamp": 1481083740.404471, "description": "", "id": "001e061088ae", "ssh_alive": false}
{"name": "01F", "location": "TCS-4302", "ssh_port": 50012, "ssh_timestamp": 1481083741.607395, "description": "AoT Chicago", "id": "001e0610893b", "ssh_alive": false}
{"name": "01A", "location": "TCS-4302", "ssh_port": 50013, "ssh_timestamp": 1481083742.81696, "description": "AoT Chicago", "id": "001e06107f9e", "ssh_alive": false}
{"name": "", "location": "", "ssh_port": 50014, "ssh_timestamp": 1481083743.998965, "description": "", "id": "001e06108883", "ssh_alive": false}
{"name": "015", "location": "ANL 5th Floor", "ssh_port": 50015, "ssh_timestamp": 1481083745.159949, "description": "AoT Chicago", "id": "001e06108a68", "ssh_alive": false}
{"name": "016", "location": "TCS-4302", "ssh_port": 50016, "ssh_timestamp": 1481083746.35418, "description": "", "id": "001e061089d5", "ssh_alive": false}
{"name": "017", "location": "TCS-4302", "ssh_port": 50017, "ssh_timestamp": 1481083747.663418, "description": "AoT Chicago", "id": "001e0610894a", "ssh_alive": false}
{"name": "", "location": "", "ssh_port": 50018, "ssh_timestamp": 1481083748.904573, "description": "", "id": "001e061080a7", "ssh_alive": false}
{"name": "", "location": "", "ssh_port": 50019, "ssh_timestamp": 1481083750.126143, "description": "", "id": "001e061089f7", "ssh_alive": false}
{"name": "", "location": "", "ssh_port": 50020, "ssh_timestamp": 1481083751.340374, "description": "", "id": "001e061082e2", "ssh_alive": false}
{"name": "", "location": "", "ssh_port": 50021, "ssh_timestamp": 1481083752.564502, "description": "", "id": "001e06108a8a", "ssh_alive": false}
{"name": "02A", "location": "TCS-4302", "ssh_port": 50022, "ssh_timestamp": 1481083753.770453, "description": "AoT Chicago", "id": "001e06200311", "ssh_alive": false}
{"name": "", "location": "", "ssh_port": 50023, "ssh_timestamp": 1481083755.003367, "description": "", "id": "001e06200312", "ssh_alive": false}
{"name": "", "location": "", "ssh_port": 50024, "ssh_timestamp": 1481083757.015726, "description": "", "id": "001e061088bf", "ssh_alive": true}
{"name": "", "location": "", "ssh_port": 50025, "ssh_timestamp": 1481083758.425555, "description": "", "id": "001e0610ba74", "ssh_alive": false}
{"name": "", "location": "", "ssh_port": 50026, "ssh_timestamp": 1481083759.751356, "description": "", "id": "001e0610ba08", "ssh_alive": false}
{"name": "", "location": "", "ssh_port": 50027, "ssh_timestamp": 1481083760.954041, "description": "", "id": "001e0610ba72", "ssh_alive": false}
{"name": "", "location": "", "ssh_port": 50028, "ssh_timestamp": 1481083762.148445, "description": "", "id": "001e0610bbe9", "ssh_alive": false}
